2018-01-17 08:22:01,814 [Worker-3] INFO  c.g.t.t.d.PublishedGradleVersions - Gradle version information cache is out-of-date. Trying to update.
2018-01-18 09:43:30,520 [Worker-3] INFO  c.g.t.t.d.PublishedGradleVersions - Gradle version information cache is out-of-date. Trying to update.
2018-01-18 23:38:45,014 [Worker-3] INFO  c.g.t.t.d.PublishedGradleVersions - Gradle version information cache is up-to-date. Trying to read.
2018-01-19 01:20:38,146 [Worker-4] INFO  c.g.t.t.d.PublishedGradleVersions - Gradle version information cache is up-to-date. Trying to read.
2018-01-19 12:56:34,322 [Worker-2] INFO  c.g.t.t.d.PublishedGradleVersions - Gradle version information cache is out-of-date. Trying to update.
2018-01-23 08:24:08,064 [Worker-4] INFO  c.g.t.t.d.PublishedGradleVersions - Gradle version information cache is out-of-date. Trying to update.
2018-01-23 08:25:22,076 [Worker-5] INFO  c.g.t.t.d.PublishedGradleVersions - Gradle version information cache is up-to-date. Trying to read.
2018-01-25 10:16:00,675 [Worker-3] INFO  c.g.t.t.d.PublishedGradleVersions - Gradle version information cache is out-of-date. Trying to update.
2018-01-28 14:15:30,760 [Worker-2] INFO  c.g.t.t.d.PublishedGradleVersions - Gradle version information cache is out-of-date. Trying to update.
2018-01-28 14:16:37,474 [Worker-2] INFO  c.g.t.t.d.PublishedGradleVersions - Gradle version information cache is up-to-date. Trying to read.
2018-01-28 23:16:53,149 [Worker-5] INFO  c.g.t.t.d.PublishedGradleVersions - Gradle version information cache is up-to-date. Trying to read.
2018-01-28 23:35:18,199 [Worker-2] INFO  c.g.t.t.d.PublishedGradleVersions - Gradle version information cache is up-to-date. Trying to read.
2018-01-31 08:25:42,059 [Worker-0] INFO  c.g.t.t.d.PublishedGradleVersions - Gradle version information cache is out-of-date. Trying to update.
2018-01-31 08:39:51,868 [Start Help Server] INFO  org.eclipse.jetty.util.log - Logging initialized @962994ms to org.eclipse.jetty.util.log.Slf4jLog
2018-01-31 08:39:52,041 [Start Help Server] INFO  org.eclipse.jetty.server.Server - jetty-9.4.7.v20170914
2018-01-31 08:39:52,060 [Start Help Server] INFO  org.eclipse.jetty.server.session - DefaultSessionIdManager workerName=node0
2018-01-31 08:39:52,060 [Start Help Server] INFO  org.eclipse.jetty.server.session - No SessionScavenger set, using defaults
2018-01-31 08:39:52,062 [Start Help Server] INFO  org.eclipse.jetty.server.session - Scavenging every 600000ms
2018-01-31 08:39:52,086 [Start Help Server] INFO  o.e.j.server.handler.ContextHandler - Started o.e.j.s.ServletContextHandler@410a5dda{/help,null,AVAILABLE}
2018-01-31 08:39:52,103 [Start Help Server] INFO  o.e.jetty.server.AbstractConnector - Started ServerConnector@64d76bce{HTTP/1.1,[http/1.1]}{127.0.0.1:64413}
2018-01-31 08:39:52,103 [Start Help Server] INFO  org.eclipse.jetty.server.Server - Started @963230ms
2018-01-31 11:02:40,362 [Stop Help Server] INFO  o.e.jetty.server.AbstractConnector - Stopped ServerConnector@64d76bce{HTTP/1.1,[http/1.1]}{127.0.0.1:0}
2018-01-31 11:02:40,366 [Stop Help Server] INFO  org.eclipse.jetty.server.session - Stopped scavenging
2018-01-31 11:02:40,378 [Stop Help Server] INFO  o.e.j.server.handler.ContextHandler - Stopped o.e.j.s.ServletContextHandler@410a5dda{/help,null,UNAVAILABLE}
